<?xml version="1.0" encoding="UTF-8"?>
<testng-results ignored="0" total="2" passed="2" failed="0" skipped="0">
  <reporter-output>
  </reporter-output>
  <suite started-at="2023-04-27T15:11:53 IST" name="Default suite" finished-at="2023-04-27T15:12:25 IST" duration-ms="31526">
    <groups>
    </groups>
    <test started-at="2023-04-27T15:11:53 IST" name="Default test" finished-at="2023-04-27T15:12:25 IST" duration-ms="31526">
      <class name="com.DaySeven.D7e4">
        <test-method signature="LoginPage()[pri:0, instance:com.DaySeven.D7e4@602c4656]" started-at="2023-04-27T15:11:53 IST" name="LoginPage" finished-at="2023-04-27T15:12:17 IST" duration-ms="23792" status="PASS">
          <reporter-output>
          </reporter-output>
        </test-method> <!-- LoginPage -->
        <test-method signature="Signout()[pri:0, instance:com.DaySeven.D7e4@602c4656]" started-at="2023-04-27T15:12:17 IST" name="Signout" finished-at="2023-04-27T15:12:25 IST" depends-on-methods="com.DaySeven.D7e4.LoginPage" duration-ms="7661" status="PASS">
          <reporter-output>
          </reporter-output>
        </test-method> <!-- Signout -->
      </class> <!-- com.DaySeven.D7e4 -->
    </test> <!-- Default test -->
  </suite> <!-- Default suite -->
</testng-results>
